/mnt/c/Users/Ziad/Desktop/sp1819/scripts/tmp_repositories/abgabe/hw07_kmeans/A_Team/src
.
----------------------------------------------------------------------
Ran 1 test in 0.003s

OK
0
/mnt/c/Users/Ziad/Desktop/sp1819/scripts/tmp_repositories/abgabe/hw07_kmeans/A_Team/src
.
----------------------------------------------------------------------
Ran 1 test in 0.002s

OK
0
/mnt/c/Users/Ziad/Desktop/sp1819/scripts/tmp_repositories/abgabe/hw07_kmeans/A_Team/src
.
----------------------------------------------------------------------
Ran 1 test in 0.003s

OK
0
/mnt/c/Users/Ziad/Desktop/sp1819/scripts/tmp_repositories/abgabe/hw07_kmeans/A_Team/src
.
----------------------------------------------------------------------
Ran 1 test in 0.003s

OK
0
/mnt/c/Users/Ziad/Desktop/sp1819/scripts/tmp_repositories/abgabe/hw07_kmeans/A_Team/src
.
----------------------------------------------------------------------
Ran 1 test in 0.002s

OK
0
/mnt/c/Users/Ziad/Desktop/sp1819/scripts/tmp_repositories/abgabe/hw07_kmeans/A_Team/src
.
----------------------------------------------------------------------
Ran 1 test in 0.002s

OK
0
/mnt/c/Users/Ziad/Desktop/sp1819/scripts/tmp_repositories/abgabe/hw07_kmeans/A_Team/src
.
----------------------------------------------------------------------
Ran 1 test in 0.004s

OK
0
